2024-05-25T00:09:30.854-03:00  INFO 9672 --- [crudjavasebo] [main] b.c.m.c.CrudjavaseboApplicationTests     : Starting CrudjavaseboApplicationTests using Java 17.0.11 with PID 9672 (started by lukas in C:\Users\lukas\Documents\dev\projects\CrudJava\crudjavasebo)
2024-05-25T00:09:30.879-03:00  INFO 9672 --- [crudjavasebo] [main] b.c.m.c.CrudjavaseboApplicationTests     : No active profile set, falling back to 1 default profile: "default"
2024-05-25T00:09:43.972-03:00  INFO 9672 --- [crudjavasebo] [main] b.c.m.c.CrudjavaseboApplicationTests     : Started CrudjavaseboApplicationTests in 14.238 seconds (process running for 20.343)
2024-05-25T00:09:45.190-03:00 ERROR 9672 --- [crudjavasebo] [main] o.s.t.w.reactive.server.ExchangeResult   : Request details for assertion failure:

> POST /api/livros/cadastro
> WebTestClient-Request-Id: [1]
> Content-Type: [application/json]
> Content-Length: [159]

{"id":null,"isbn":"9788563834010","titulo":"Para Alem da Biblia","sinopse":"Historia do Antigo Israel","autor":"Mario Liverani","preco":92.15,"emEstoque":true}

< 405 METHOD_NOT_ALLOWED Method Not Allowed
< Content-Type: [application/json]
< Content-Length: [140]

{"timestamp":"2024-05-25T03:09:44.705+00:00","path":"/api/livros/cadastro","status":405,"error":"Method Not Allowed","requestId":"54bba069"}

2024-05-25T00:13:04.899-03:00  INFO 1216 --- [crudjavasebo] [main] b.c.m.c.CrudjavaseboApplicationTests     : Starting CrudjavaseboApplicationTests using Java 17.0.11 with PID 1216 (started by lukas in C:\Users\lukas\Documents\dev\projects\CrudJava\crudjavasebo)
2024-05-25T00:13:04.907-03:00  INFO 1216 --- [crudjavasebo] [main] b.c.m.c.CrudjavaseboApplicationTests     : No active profile set, falling back to 1 default profile: "default"
2024-05-25T00:13:22.147-03:00  INFO 1216 --- [crudjavasebo] [main] b.c.m.c.CrudjavaseboApplicationTests     : Started CrudjavaseboApplicationTests in 19.652 seconds (process running for 23.833)
2024-05-25T00:13:23.566-03:00 ERROR 1216 --- [crudjavasebo] [main] o.s.t.w.reactive.server.ExchangeResult   : Request details for assertion failure:

> POST /api/livros/cadastro
> WebTestClient-Request-Id: [1]
> Content-Type: [application/json]
> Content-Length: [159]

{"id":null,"isbn":"9788563834010","titulo":"Para Alem da Biblia","sinopse":"Historia do Antigo Israel","autor":"Mario Liverani","preco":92.15,"emEstoque":true}

< 405 METHOD_NOT_ALLOWED Method Not Allowed
< Content-Type: [application/json]
< Content-Length: [139]

{"timestamp":"2024-05-25T03:13:23.332+00:00","path":"/api/livros/cadastro","status":405,"error":"Method Not Allowed","requestId":"6106c7a"}

2024-05-25T00:15:36.230-03:00  INFO 6844 --- [crudjavasebo] [main] b.c.m.c.CrudjavaseboApplicationTests     : Starting CrudjavaseboApplicationTests using Java 17.0.11 with PID 6844 (started by lukas in C:\Users\lukas\Documents\dev\projects\CrudJava\crudjavasebo)
2024-05-25T00:15:36.235-03:00  INFO 6844 --- [crudjavasebo] [main] b.c.m.c.CrudjavaseboApplicationTests     : No active profile set, falling back to 1 default profile: "default"
2024-05-25T00:15:46.289-03:00  INFO 6844 --- [crudjavasebo] [main] b.c.m.c.CrudjavaseboApplicationTests     : Started CrudjavaseboApplicationTests in 10.88 seconds (process running for 13.838)
2024-05-25T00:15:46.912-03:00 ERROR 6844 --- [crudjavasebo] [main] o.s.t.w.reactive.server.ExchangeResult   : Request details for assertion failure:

> POST /api/livros/cadastro
> WebTestClient-Request-Id: [1]
> Content-Type: [application/json]
> Content-Length: [159]

{"id":null,"isbn":"9788563834010","titulo":"Para Alem da Biblia","sinopse":"Historia do Antigo Israel","autor":"Mario Liverani","preco":92.15,"emEstoque":true}

< 405 METHOD_NOT_ALLOWED Method Not Allowed
< Content-Type: [application/json]
< Content-Length: [140]

{"timestamp":"2024-05-25T03:15:46.812+00:00","path":"/api/livros/cadastro","status":405,"error":"Method Not Allowed","requestId":"550d18d3"}

2024-05-25T00:18:06.312-03:00  INFO 10068 --- [crudjavasebo] [main] b.c.m.c.CrudjavaseboApplicationTests     : Starting CrudjavaseboApplicationTests using Java 17.0.11 with PID 10068 (started by lukas in C:\Users\lukas\Documents\dev\projects\CrudJava\crudjavasebo)
2024-05-25T00:18:06.317-03:00  INFO 10068 --- [crudjavasebo] [main] b.c.m.c.CrudjavaseboApplicationTests     : No active profile set, falling back to 1 default profile: "default"
2024-05-25T00:18:18.398-03:00  INFO 10068 --- [crudjavasebo] [main] b.c.m.c.CrudjavaseboApplicationTests     : Started CrudjavaseboApplicationTests in 14.067 seconds (process running for 19.769)
2024-05-25T00:18:21.327-03:00 ERROR 10068 --- [crudjavasebo] [main] o.s.t.w.reactive.server.ExchangeResult   : Request details for assertion failure:

> POST /api/livros/cadastro
> WebTestClient-Request-Id: [1]
> Content-Type: [application/json]
> Content-Length: [159]

{"id":null,"isbn":"9788563834010","titulo":"Para Alem da Biblia","sinopse":"Historia do Antigo Israel","autor":"Mario Liverani","preco":92.15,"emEstoque":true}

< 405 METHOD_NOT_ALLOWED Method Not Allowed
< Content-Type: [application/json]
< Content-Length: [140]

{"timestamp":"2024-05-25T03:18:21.156+00:00","path":"/api/livros/cadastro","status":405,"error":"Method Not Allowed","requestId":"233eb013"}

2024-05-25T00:18:21.443-03:00 ERROR 10068 --- [crudjavasebo] [main] o.s.t.w.reactive.server.ExchangeResult   : Request details for assertion failure:

> POST /api/livros/cadastro
> WebTestClient-Request-Id: [2]
> Content-Type: [application/json]
> Content-Length: [159]

{"id":null,"isbn":"9788563834010","titulo":"Para Alem da Biblia","sinopse":"Historia do Antigo Israel","autor":"Mario Liverani","preco":92.15,"emEstoque":true}

< 405 METHOD_NOT_ALLOWED Method Not Allowed
< Content-Type: [application/json]
< Content-Length: [140]

{"timestamp":"2024-05-25T03:18:21.436+00:00","path":"/api/livros/cadastro","status":405,"error":"Method Not Allowed","requestId":"6fcd626e"}

2024-05-25T00:18:21.488-03:00 ERROR 10068 --- [crudjavasebo] [main] o.s.t.w.reactive.server.ExchangeResult   : Request details for assertion failure:

> POST /api/livros/cadastro
> WebTestClient-Request-Id: [3]
> Content-Type: [application/json]
> Content-Length: [159]

{"id":null,"isbn":"9788563834010","titulo":"Para Alem da Biblia","sinopse":"Historia do Antigo Israel","autor":"Mario Liverani","preco":92.15,"emEstoque":true}

< 405 METHOD_NOT_ALLOWED Method Not Allowed
< Content-Type: [application/json]
< Content-Length: [140]

{"timestamp":"2024-05-25T03:18:21.485+00:00","path":"/api/livros/cadastro","status":405,"error":"Method Not Allowed","requestId":"49c64784"}

2024-05-25T00:18:21.549-03:00 ERROR 10068 --- [crudjavasebo] [main] o.s.t.w.reactive.server.ExchangeResult   : Request details for assertion failure:

> POST /api/livros/cadastro
> WebTestClient-Request-Id: [4]
> Content-Type: [application/json]
> Content-Length: [159]

{"id":null,"isbn":"9788563834010","titulo":"Para Alem da Biblia","sinopse":"Historia do Antigo Israel","autor":"Mario Liverani","preco":92.15,"emEstoque":true}

< 405 METHOD_NOT_ALLOWED Method Not Allowed
< Content-Type: [application/json]
< Content-Length: [140]

{"timestamp":"2024-05-25T03:18:21.540+00:00","path":"/api/livros/cadastro","status":405,"error":"Method Not Allowed","requestId":"3848be09"}

